app/build/outputs/mapping/release/seeds.txt
com.queen.musicPaint.ColorPickerView: int getPrefferedWidth()
com.queen.musicPaint.model.OutputServiceModel: OutputServiceModel()
com.queen.musicPaint.ColorPickerView: int getColor()
com.queen.musicPaint.model.InputApplicationVersionDTO
com.queen.musicPaint.model.InputApplicationVersionDTO: java.lang.String ApplicationName
com.queen.musicPaint.ColorPickerView: void setAlphaSliderVisible(boolean)
com.queen.musicPaint.ColorPickerView: java.lang.String getAlphaSliderText()
com.queen.musicPaint.model.Status: java.lang.String Message
com.queen.musicPaint.model.Status: java.lang.String getMessage()
com.queen.musicPaint.model.OutputGetApplicationVersion: java.lang.String getVersionText()
com.queen.musicPaint.model.OutputGetApplicationVersion: void setVersionText(java.lang.String)
com.queen.musicPaint.Paint_Activity: Paint_Activity()
com.queen.musicPaint.ColorPickerView: void setOnColorChangedListener(com.queen.musicPaint.ColorPickerView$OnColorChangedListener)
com.queen.musicPaint.model.Status: void setMessage(java.lang.String)
com.queen.musicPaint.model.OutputGetApplicationVersion: void setForceUpate(boolean)
com.queen.musicPaint.model.OutputGetApplicationVersion: java.lang.String VersionNumber
com.queen.musicPaint.Apps: Apps()
com.queen.musicPaint.model.OutputServiceModel
com.queen.musicPaint.model.Status: int getCode()
com.queen.musicPaint.model.Status: void setCode(int)
com.queen.musicPaint.ColorPickerView: int getSliderTrackerColor()
com.queen.musicPaint.model.InputApplicationVersionDTO: void setMarketName(java.lang.String)
com.queen.musicPaint.model.OutputServiceModel: java.lang.Object Body
com.queen.musicPaint.model.OutputGetApplicationVersion: void setVersionNumber(java.lang.String)
com.queen.musicPaint.ColorPickerView: void setSliderTrackerColor(int)
com.queen.musicPaint.PaintView: android.graphics.Paint getPaint()
com.queen.musicPaint.ColorPickerView: int getPrefferedHeight()
com.queen.musicPaint.ColorPickerView: void setAlphaSliderText(int)
com.queen.musicPaint.model.InputApplicationVersionDTO: InputApplicationVersionDTO()
com.queen.musicPaint.model.OutputServiceModel: void setStatus(com.queen.musicPaint.model.Status)
com.queen.musicPaint.model.OutputGetApplicationVersion: java.lang.String VersionText
com.queen.musicPaint.model.InputApplicationVersionDTO: java.lang.String getApplicationName()
com.queen.musicPaint.FirstActivity
com.queen.musicPaint.AppOpenManager: void onStart()
com.queen.musicPaint.model.InputApplicationVersionDTO: java.lang.String getMarketName()
com.queen.musicPaint.ColorPickerView: float getDrawingOffset()
com.queen.musicPaint.Rectangle
com.queen.musicPaint.Rectangle: Rectangle(android.content.Context,android.util.AttributeSet)
com.queen.musicPaint.Paint_Activity
com.queen.musicPaint.ColorPickerView: boolean getAlphaSliderVisible()
com.queen.musicPaint.model.OutputServiceModel: com.queen.musicPaint.model.Status Status
com.queen.musicPaint.model.OutputGetApplicationVersion: java.lang.String getVersionNumber()
com.queen.musicPaint.ColorPickerView: void setBorderColor(int)
com.queen.musicPaint.ColorPickerView: ColorPickerView(android.content.Context,android.util.AttributeSet)
com.queen.musicPaint.model.Status
com.queen.musicPaint.model.OutputServiceModel: void setBody(java.lang.Object)
com.queen.musicPaint.model.OutputGetApplicationVersion: OutputGetApplicationVersion()
com.queen.musicPaint.model.OutputServiceModel: com.queen.musicPaint.model.Status getStatus()
com.queen.musicPaint.ColorPickerView: void setColor(int)
com.queen.musicPaint.FirstActivity: FirstActivity()
com.queen.musicPaint.model.InputApplicationVersionDTO: void setApplicationName(java.lang.String)
com.queen.musicPaint.model.OutputServiceModel: java.lang.Object getBody()
com.queen.musicPaint.model.Status: Status()
com.queen.musicPaint.model.OutputGetApplicationVersion
com.queen.musicPaint.model.OutputGetApplicationVersion: boolean isForceUpate()
com.queen.musicPaint.ColorPickerView: void setAlphaSliderText(java.lang.String)
...
com.adivery.sdk.t: void onRewardedAdClicked(java.lang.String)
com.google.android.material.R$styleable: int View_android_theme
com.adivery.sdk.w1: w1()
androidx.constraintlayout.widget.R$styleable: int Toolbar_titleMarginBottom
androidx.lifecycle.Lifecycle$Event: androidx.lifecycle.Lifecycle$Event ON_ANY
androidx.appcompat.widget.ContentFrameLayout: android.util.TypedValue getFixedHeightMinor()
com.adivery.sdk.b1$a: void c(int)
androidx.appcompat.R$styleable: int GradientColor_android_type
androidx.constraintlayout.widget.R$styleable: int Layout_layout_goneMarginEnd
com.adivery.sdk.R$styleable: int GradientColorItem_android_offset
androidx.appcompat.R$styleable: int AppCompatTextView_drawableBottomCompat
com.adivery.sdk.AdiveryNativeAdView: void a(android.widget.TextView,java.lang.String)
androidx.appcompat.widget.Toolbar: void setNavigationIcon(int)
androidx.constraintlayout.widget.R$styleable: int ConstraintLayout_Layout_flow_horizontalBias
com.adivery.sdk.AdiveryNativeAdView$b: void b()
androidx.appcompat.widget.AppCompatButton: AppCompatButton(android.content.Context,android.util.AttributeSet)
com.google.android.material.R$attr: int tabIndicator
com.google.android.material.R$attr: int closeItemLayout
androidx.constraintlayout.widget.R$styleable: int ConstraintSet_layout_constraintTop_creator
com.adivery.sdk.y0: com.adivery.sdk.d1 e
androidx.appcompat.R$attr: int windowFixedWidthMajor
com.google.android.material.R$styleable: int Chip_checkedIcon
androidx.constraintlayout.widget.R$styleable: int MenuItem_android_checked
com.google.android.material.R$style: int Base_Theme_MaterialComponents
androidx.appcompat.R$styleable: int AppCompatTextHelper_android_textAppearance
com.google.android.material.R$attr: int dialogTheme
androidx.appcompat.widget.AppCompatRadioButton: void setSupportButtonTintMode(android.graphics.PorterDuff$Mode)
androidx.constraintlayout.widget.R$styleable: int Transform_android_scaleY
androidx.appcompat.R$style: int Widget_AppCompat_ProgressBar
com.google.gson.LongSerializationPolicy: com.google.gson.LongSerializationPolicy valueOf(java.lang.String)
com.google.android.material.R$style: int Base_TextAppearance_AppCompat_Large_Inverse
com.google.android.material.R$attr: int itemSpacing
com.adivery.sdk.q0: android.content.pm.ApplicationInfo b(android.content.Context)
androidx.constraintlayout.widget.R$styleable: int DrawerArrowToggle_spinBars
androidx.constraintlayout.widget.R$styleable: int MenuGroup_android_menuCategory
androidx.appcompat.R$style: int Widget_AppCompat_ActionBar_Solid
androidx.appcompat.R$color: int tooltip_background_light
androidx.constraintlayout.widget.R$styleable: int MenuItem_actionLayout
com.adivery.sdk.z1: int i
com.adivery.sdk.j1: boolean a(android.view.View)
androidx.appcompat.R$dimen: int notification_action_text_size
com.google.android.material.R$styleable: int ActivityChooserView_initialActivityCount
androidx.appcompat.resources.R$styleable: int[] GradientColor
com.google.android.material.R$style: int Widget_MaterialComponents_TextInputLayout_OutlinedBox
com.google.android.material.R$dimen: int mtrl_bottomappbar_fab_cradle_margin
com.adivery.sdk.f$a: void a(java.lang.String)
com.adivery.sdk.z1$c: com.adivery.sdk.z1 e
com.google.android.material.R$id: int center
androidx.constraintlayout.widget.R$styleable: int AppCompatTheme_colorError
com.google.android.material.R$style: int Base_TextAppearance_AppCompat_Widget_Button_Colored
com.adivery.sdk.y: void a(android.content.Context)
androidx.appcompat.R$style: int Widget_AppCompat_Light_PopupMenu_Overflow
androidx.appcompat.R$style: int Base_V21_Theme_AppCompat_Light_Dialog
androidx.appcompat.R$style: int Widget_AppCompat_AutoCompleteTextView
com.google.android.material.R$style: int Base_Theme_AppCompat_Dialog_MinWidth
androidx.appcompat.view.menu.ExpandedMenuView: int getWindowAnimations()
com.adivery.sdk.n0: void d(com.adivery.sdk.n0)
com.google.android.material.R$drawable: int abc_switch_thumb_material