app/build/outputs/mapping/release/mapping.txt
# compiler: R8
# compiler_version: 2.0.88
# min_api: 17
# pg_map_id: c075f54
# common_typos_disable
com.queen.musicPaint.-$$Lambda$Paint_Activity$JCwKEQAodAO7OKJ3TirubBs7REA -> com.queen.musicPaint.a:
    com.queen.musicPaint.Paint_Activity f$0 -> a
    java.lang.Boolean f$1 -> b
    android.app.Dialog f$2 -> c
com.queen.musicPaint.APIClient -> com.queen.musicPaint.b:
    retrofit2.Retrofit retrofit -> a
    retrofit2.Retrofit getClient() -> a
com.queen.musicPaint.APIInterface -> com.queen.musicPaint.c:
    retrofit2.Call getApplicationVersionCode(com.queen.musicPaint.model.InputApplicationVersionDTO) -> a
com.queen.musicPaint.AlphaPatternDrawable -> com.queen.musicPaint.d:
    android.graphics.Paint mPaintGray -> d
    android.graphics.Paint mPaintWhite -> c
    android.graphics.Paint mPaint -> b
    int numRectanglesVertical -> f
    android.graphics.Bitmap mBitmap -> g
    int numRectanglesHorizontal -> e
    int mRectangleSize -> a
    void generatePatternBitmap() -> a
com.queen.musicPaint.AppOpenManager -> com.queen.musicPaint.AppOpenManager:
    com.queen.musicPaint.Apps myApplication -> b
    android.app.Activity currentActivity -> a
com.queen.musicPaint.Apps -> com.queen.musicPaint.Apps:
    android.content.Context context -> a
com.queen.musicPaint.ColorPickerView -> com.queen.musicPaint.ColorPickerView:
    android.graphics.Point mStartTouchPoint -> I
    com.queen.musicPaint.AlphaPatternDrawable mAlphaPattern -> H
    float RECTANGLE_TRACKER_OFFSET -> e
    android.graphics.Shader mHueShader -> r
    android.graphics.RectF mSatValRect -> E
    float PANEL_SPACING -> c
    android.graphics.RectF mAlphaRect -> G
    float HUE_PANEL_WIDTH -> a
    android.graphics.Paint mBorderPaint -> n
    android.graphics.Paint mAlphaPaint -> l
    android.graphics.Paint mHuePaint -> j
    android.graphics.Paint mSatValPaint -> h
    java.lang.String mAlphaSliderText -> x
    float mVal -> w
    float mHue -> u
    int mSliderTrackerColor -> y
    com.queen.musicPaint.ColorPickerView$OnColorChangedListener mListener -> g
    boolean mShowAlphaPanel -> A
    android.graphics.RectF mDrawingRect -> D
    float mDensity -> f
    android.graphics.Shader mAlphaShader -> s
    android.graphics.RectF mHueRect -> F
    float PALETTE_CIRCLE_TRACKER_RADIUS -> d
    android.graphics.Shader mSatShader -> q
    float mDrawingOffset -> C
    float ALPHA_PANEL_HEIGHT -> b
    android.graphics.Shader mValShader -> o
    int mLastTouchedPanel -> B
    android.graphics.Paint mAlphaTextPaint -> m
    android.graphics.Paint mHueTrackerPaint -> k
    android.graphics.Paint mSatValTrackerPaint -> i
    int mBorderColor -> z
    float mSat -> v
    int mAlpha -> t
    android.graphics.Point alphaToPoint(int) -> a
com.queen.musicPaint.ColorPickerView$OnColorChangedListener -> com.queen.musicPaint.ColorPickerView$a:
    void onColorChanged(int) -> a
com.queen.musicPaint.FirstActivity$1 -> com.queen.musicPaint.FirstActivity$a:
    com.queen.musicPaint.FirstActivity this$0 -> a
com.queen.musicPaint.Generic -> com.queen.musicPaint.e:
    android.media.MediaPlayer mp -> a
    android.graphics.Point overrideGetSize(android.view.Display) -> a
    void pauseMedia() -> b
    void playMedia() -> c
    void playSound(android.content.Context,int) -> d
com.queen.musicPaint.Generic$1 -> com.queen.musicPaint.e$a:
    android.content.Context val$c -> a
    int val$s -> b
com.queen.musicPaint.PaintView -> com.queen.musicPaint.f:
    java.util.ArrayList redos -> e
    java.util.ArrayList nodes -> d
    int brushSize -> b
    android.graphics.Path path -> c
    int penColor -> a
    void ClearAll() -> a
    void Redo() -> b
    void Undo() -> c
    void addPath(int,int) -> d
    void endPath(int,int) -> e
    void startPath(int,int) -> f
com.queen.musicPaint.PaintView$Node -> com.queen.musicPaint.f$a:
    android.graphics.Path Path -> a
    android.graphics.Paint Paint -> b
...
androidx.appcompat.widget.AppCompatSpinner$DropdownPopup$3 -> androidx.appcompat.widget.w$e$c:
    androidx.appcompat.widget.AppCompatSpinner$DropdownPopup this$1 -> b
    android.view.ViewTreeObserver$OnGlobalLayoutListener val$layoutListener -> a
androidx.appcompat.widget.AppCompatSpinner$SavedState -> androidx.appcompat.widget.w$f:
    boolean mShowDropdown -> a
androidx.appcompat.widget.AppCompatSpinner$SavedState$1 -> androidx.appcompat.widget.w$f$a:
    androidx.appcompat.widget.AppCompatSpinner$SavedState createFromParcel(android.os.Parcel) -> a
    androidx.appcompat.widget.AppCompatSpinner$SavedState[] newArray(int) -> b
androidx.appcompat.widget.AppCompatSpinner$SpinnerPopup -> androidx.appcompat.widget.w$g:
    boolean isShowing() -> b
    void setBackgroundDrawable(android.graphics.drawable.Drawable) -> c
    void setHorizontalOffset(int) -> d
    int getHorizontalOffset() -> e
    void show(int,int) -> f
    int getVerticalOffset() -> h
    android.graphics.drawable.Drawable getBackground() -> j
    java.lang.CharSequence getHintText() -> k
    void setPromptText(java.lang.CharSequence) -> m
    void setVerticalOffset(int) -> n
    void setAdapter(android.widget.ListAdapter) -> o
    void setHorizontalOriginalOffset(int) -> p
androidx.appcompat.widget.AppCompatTextClassifierHelper -> androidx.appcompat.widget.x:
    android.widget.TextView mTextView -> a
    android.view.textclassifier.TextClassifier mTextClassifier -> b
    android.view.textclassifier.TextClassifier getTextClassifier() -> a
    void setTextClassifier(android.view.textclassifier.TextClassifier) -> b
androidx.appcompat.widget.AppCompatTextHelper -> androidx.appcompat.widget.y:
    androidx.appcompat.widget.AppCompatTextViewAutoSizeHelper mAutoSizeTextHelper -> i
    boolean mAsyncFontPending -> m
    int mStyle -> j
    int mFontWeight -> k
    androidx.appcompat.widget.TintInfo mDrawableLeftTint -> b
    androidx.appcompat.widget.TintInfo mDrawableTopTint -> c
    androidx.appcompat.widget.TintInfo mDrawableStartTint -> f
    androidx.appcompat.widget.TintInfo mDrawableEndTint -> g
    android.widget.TextView mView -> a
    androidx.appcompat.widget.TintInfo mDrawableRightTint -> d
    androidx.appcompat.widget.TintInfo mDrawableBottomTint -> e
    android.graphics.Typeface mFontTypeface -> l
    androidx.appcompat.widget.TintInfo mDrawableTint -> h
    void setTextSizeInternal(int,float) -> A
    void updateTypefaceAndStyle(android.content.Context,androidx.appcompat.widget.TintTypedArray) -> B
    void applyCompoundDrawableTint(android.graphics.drawable.Drawable,androidx.appcompat.widget.TintInfo) -> a
    void applyCompoundDrawablesTints() -> b
    void autoSizeText() -> c
    androidx.appcompat.widget.TintInfo createTintInfo(android.content.Context,androidx.appcompat.widget.AppCompatDrawableManager,int) -> d
    int getAutoSizeMaxTextSize() -> e
    int getAutoSizeMinTextSize() -> f
    int getAutoSizeStepGranularity() -> g
    int[] getAutoSizeTextAvailableSizes() -> h
    int getAutoSizeTextType() -> i
androidx.appcompat.widget.AppCompatTextHelper$1 -> androidx.appcompat.widget.y$a:
    androidx.appcompat.widget.AppCompatTextHelper this$0 -> d
    java.lang.ref.WeakReference val$textViewWeak -> c
    int val$style -> b
    int val$fontWeight -> a
    void onFontRetrievalFailed(int) -> c
    void onFontRetrieved(android.graphics.Typeface) -> d
androidx.appcompat.widget.AppCompatTextView -> androidx.appcompat.widget.z:
    androidx.appcompat.widget.AppCompatBackgroundHelper mBackgroundTintHelper -> a
    androidx.appcompat.widget.AppCompatTextClassifierHelper mTextClassifierHelper -> c
    androidx.appcompat.widget.AppCompatTextHelper mTextHelper -> b
    java.util.concurrent.Future mPrecomputedTextFuture -> d
    void consumeTextFutureAndSetBlocking() -> c