app/build/outputs/mapping/release/usage.txt
com.queen.musicPaint.R$raw
com.queen.musicPaint.R$styleable
com.queen.musicPaint.R$drawable
com.queen.musicPaint.ColorPickerView:
    public void <init>(android.content.Context)
    private static final int PANEL_SAT_VAL
    private static final int PANEL_HUE
    private static final int PANEL_ALPHA
    private static final float BORDER_WIDTH_PX
com.queen.musicPaint.R$mipmap
com.queen.musicPaint.R$dimen
com.queen.musicPaint.R
com.queen.musicPaint.R$animator
com.queen.musicPaint.R$style
com.queen.musicPaint.R$font
com.queen.musicPaint.Generic:
    public void <init>()
    public static com.queen.musicPaint.Generic$PaintObject PaintObjectMethod(java.lang.String,int,int,int,int,int,int)
    public static android.content.Intent GotoPaintActivity(java.lang.String,android.content.Context,int,int,int,int,int,int)
    public static void initMedia(android.content.Context)
    public static void trace(java.lang.String)
    public static void setSize(android.graphics.Point,android.view.View,double,double)
com.queen.musicPaint.BuildConfig
com.queen.musicPaint.R$menu
com.queen.musicPaint.R$interpolator
com.queen.musicPaint.Paint_Activity:
    private void redrawPaint(com.queen.musicPaint.Generic$PaintObject)
    private void getAccelerometer(android.hardware.SensorEvent)
    public void saveImage(android.graphics.Bitmap,int)
    private android.widget.ImageView prevbtn
    private android.widget.ImageView nextbtn
    public static final int REQUEST_STORAGE_PERMISSIONS
com.queen.musicPaint.R$id
com.queen.musicPaint.R$anim
com.queen.musicPaint.R$color
com.queen.musicPaint.R$attr
com.queen.musicPaint.R$layout
com.queen.musicPaint.Generic$PaintObject
com.queen.musicPaint.R$string
com.queen.musicPaint.R$array
com.queen.musicPaint.R$xml
com.queen.musicPaint.APIClient:
    public void <init>()
    public static final java.lang.String BASE_URL
com.queen.musicPaint.R$bool
com.queen.musicPaint.R$integer
com.queen.musicPaint.Rectangle:
    public void <init>(android.content.Context)
    public void <init>(android.content.Context,android.util.AttributeSet,int)
    android.graphics.drawable.Drawable shape
com.queen.musicPaint.Paint_Activity$2:
    final synthetic com.queen.musicPaint.Paint_Activity this$0
com.queen.musicPaint.Paint_Activity$4:
    final synthetic com.queen.musicPaint.Paint_Activity this$0
com.queen.musicPaint.PaintView$Node:
    public android.graphics.Point Point
    final synthetic com.queen.musicPaint.PaintView this$0
com.queen.musicPaint.SaveImage$1:
    final synthetic com.queen.musicPaint.SaveImage this$0
com.queen.musicPaint.Paint_Activity:
    private int index
    private int exercise
    private java.lang.String title
    private long lastUpdate
    private android.graphics.Point size
com.queen.musicPaint.Apps:
    private com.queen.musicPaint.AppOpenManager appOpenManager
...
androidx.core.app.AppLaunchChecker
kotlin.comparisons.ReversedComparator
androidx.media.AudioAttributesCompat$AttributeContentType
androidx.recyclerview.widget.ViewInfoStore:
    private static final boolean DEBUG
kotlin.UShort
kotlin.collections.builders.MapBuilder$EntryRef
com.google.android.material.card.MaterialCardViewHelper
androidx.loader.content.ModernAsyncTask$3
kotlin.jvm.functions.Function7
androidx.recyclerview.widget.RecyclerView$SmoothScroller$ScrollVectorProvider
androidx.constraintlayout.motion.widget.KeyCycleOscillator$CustomSet
androidx.constraintlayout.motion.widget.KeyCycleOscillator$ElevationSet
com.google.android.material.chip.ChipGroup
androidx.recyclerview.widget.LinearSmoothScroller
android.support.v4.media.session.MediaSessionCompat$MediaSessionImpl
androidx.core.text.util.LinkifyCompat$1
androidx.core.net.UriCompat
com.google.android.material.R$layout:
    private void <init>()
android.support.v4.media.session.MediaSessionCompat$ResultReceiverWrapper:
    public void <init>(android.os.ResultReceiver)
androidx.core.util.Pools
androidx.annotation.MenuRes
androidx.constraintlayout.solver.widgets.Flow$WidgetsList
androidx.constraintlayout.motion.widget.TransitionAdapter
com.google.android.material.appbar.AppBarLayout$LayoutParams:
    public void <init>(int,int,float)
    public void <init>(com.google.android.material.appbar.AppBarLayout$LayoutParams)
    public void setScrollFlags(int)
    public void setScrollInterpolator(android.view.animation.Interpolator)
    public static final int SCROLL_FLAG_SCROLL
    public static final int SCROLL_FLAG_EXIT_UNTIL_COLLAPSED
    public static final int SCROLL_FLAG_ENTER_ALWAYS
    public static final int SCROLL_FLAG_ENTER_ALWAYS_COLLAPSED
    public static final int SCROLL_FLAG_SNAP
    public static final int SCROLL_FLAG_SNAP_MARGINS
    static final int FLAG_QUICK_RETURN
    static final int FLAG_SNAP
    static final int COLLAPSIBLE_FLAGS
kotlin.UByteArrayKt
android.support.v4.media.MediaMetadataCompat$Builder
kotlin.collections.MapsKt__MapWithDefaultKt
kotlin.text.StringsKt__StringsKt$rangesDelimitedBy$2
kotlin.ranges.CharProgression$Companion
kotlin.comparisons.ComparisonsKt__ComparisonsKt$compareBy$3
com.google.android.material.bottomsheet.BottomSheetDialog$4
androidx.vectordrawable.graphics.drawable.AnimatedVectorDrawableCompat$2
kotlin.coroutines.EmptyCoroutineContext
com.google.android.material.transformation.TransformationChildLayout:
    public void <init>(android.content.Context)
    public void <init>(android.content.Context,android.util.AttributeSet)
com.google.gson.internal.LinkedHashTreeMap$AvlIterator
androidx.lifecycle.ComputableLiveData
kotlin.time.TestTimeSource
kotlin.coroutines.jvm.internal.DebugMetadata
androidx.core.graphics.drawable.RoundedBitmapDrawableFactory$DefaultRoundedBitmapDrawable
androidx.recyclerview.widget.AsyncListUtil$ViewCallback
kotlin.ranges.ULongProgression$Companion
kotlin.InitializedLazyImpl
androidx.coordinatorlayout.R$drawable
androidx.recyclerview.widget.SimpleItemAnimator:
    public boolean getSupportsChangeAnimations()
    public void setSupportsChangeAnimations(boolean)
    private static final boolean DEBUG
    private static final java.lang.String TAG
kotlin.time.MonotonicTimeSource
com.google.gson.FieldAttributes:
    public java.lang.Class getDeclaringClass()
    public java.lang.String getName()
    public java.lang.reflect.Type getDeclaredType()
    public java.lang.Class getDeclaredClass()
    public java.lang.annotation.Annotation getAnnotation(java.lang.Class)
    public java.util.Collection getAnnotations()
    public boolean hasModifier(int)
    java.lang.Object get(java.lang.Object)
    boolean isSynthetic()
androidx.core.app.JobIntentService$CommandProcessor
androidx.transition.Styleable$TransitionTarget
androidx.multidex.MultiDex$V4
androidx.legacy.coreui.R$integer